Using pre-set license
Built from '2020.3/staging' branch; Version is '2020.3.30f1 (1fb1bf06830e) revision 2077119'; Using compiler version '192528614'; Build Type 'Release'
OS: 'Windows 10  (10.0.19043) 64bit Core' Language: 'ko' Physical Memory: 16341 MB
BatchMode: 1, IsHumanControllingUs: 0, StartBugReporterOnCrash: 0, Is64bit: 1, IsPro: 0

COMMAND LINE ARGUMENTS:
C:\Program Files\2020.3.30f1\Editor\Unity.exe
-adb2
-batchMode
-noUpm
-name
AssetImportWorker0
-projectPath
C:/Users/1999p/Unity/Maverick_Unity_Project
-logFile
Logs/AssetImportWorker0.log
-srvPort
63399
Successfully changed project path to: C:/Users/1999p/Unity/Maverick_Unity_Project
C:/Users/1999p/Unity/Maverick_Unity_Project
Using Asset Import Pipeline V2.
Refreshing native plugins compatible for Editor in 102.80 ms, found 2 plugins.
Preloading 0 native plugins for Editor in 0.00 ms.
Initialize engine version: 2020.3.30f1 (1fb1bf06830e)
[Subsystems] Discovering subsystems at path C:/Program Files/2020.3.30f1/Editor/Data/Resources/UnitySubsystems
[Subsystems] Discovering subsystems at path C:/Users/1999p/Unity/Maverick_Unity_Project/Assets
GfxDevice: creating device client; threaded=0
Direct3D:
    Version:  Direct3D 11.0 [level 11.1]
    Renderer: NVIDIA GeForce GTX 1070 (ID=0x1b81)
    Vendor:   
    VRAM:     8088 MB
    Driver:   26.21.14.3064
Initialize mono
Mono path[0] = 'C:/Program Files/2020.3.30f1/Editor/Data/Managed'
Mono path[1] = 'C:/Program Files/2020.3.30f1/Editor/Data/MonoBleedingEdge/lib/mono/unityjit'
Mono config path = 'C:/Program Files/2020.3.30f1/Editor/Data/MonoBleedingEdge/etc'
Using monoOptions --debugger-agent=transport=dt_socket,embedding=1,server=y,suspend=n,address=127.0.0.1:56704
Begin MonoManager ReloadAssembly
Registering precompiled unity dll's ...
Register platform support module: C:/Program Files/2020.3.30f1/Editor/Data/PlaybackEngines/WindowsStandaloneSupport/UnityEditor.WindowsStandalone.Extensions.dll
Registered in 0.006211 seconds.
Native extension for WindowsStandalone target not found
Refreshing native plugins compatible for Editor in 72.28 ms, found 2 plugins.
Preloading 0 native plugins for Editor in 0.00 ms.
Mono: successfully reloaded assembly
- Completed reload, in  0.805 seconds
Domain Reload Profiling:
	ReloadAssembly (806ms)
		BeginReloadAssembly (137ms)
			ExecutionOrderSort (0ms)
			DisableScriptedObjects (0ms)
			BackupInstance (0ms)
			ReleaseScriptingObjects (0ms)
			CreateAndSetChildDomain (1ms)
		EndReloadAssembly (557ms)
			LoadAssemblies (131ms)
			RebuildTransferFunctionScriptingTraits (0ms)
			SetupTypeCache (178ms)
			ReleaseScriptCaches (0ms)
			RebuildScriptCaches (35ms)
			SetupLoadedEditorAssemblies (204ms)
				LogAssemblyErrors (0ms)
				InitializePlatformSupportModulesInManaged (5ms)
				SetLoadedEditorAssemblies (0ms)
				RefreshPlugins (72ms)
				BeforeProcessingInitializeOnLoad (15ms)
				ProcessInitializeOnLoadAttributes (82ms)
				ProcessInitializeOnLoadMethodAttributes (29ms)
				AfterProcessingInitializeOnLoad (0ms)
				EditorAssembliesLoaded (0ms)
			ExecutionOrderSort2 (0ms)
			AwakeInstancesAfterBackupRestoration (0ms)
Platform modules already initialized, skipping
Registering precompiled user dll's ...
Registered in 0.012185 seconds.
Begin MonoManager ReloadAssembly
Native extension for WindowsStandalone target not found
Refreshing native plugins compatible for Editor in 0.85 ms, found 2 plugins.
Preloading 0 native plugins for Editor in 0.00 ms.
Mono: successfully reloaded assembly
- Completed reload, in  1.545 seconds
Domain Reload Profiling:
	ReloadAssembly (1547ms)
		BeginReloadAssembly (240ms)
			ExecutionOrderSort (0ms)
			DisableScriptedObjects (5ms)
			BackupInstance (0ms)
			ReleaseScriptingObjects (0ms)
			CreateAndSetChildDomain (23ms)
		EndReloadAssembly (1218ms)
			LoadAssemblies (181ms)
			RebuildTransferFunctionScriptingTraits (0ms)
			SetupTypeCache (335ms)
			ReleaseScriptCaches (1ms)
			RebuildScriptCaches (58ms)
			SetupLoadedEditorAssemblies (531ms)
				LogAssemblyErrors (0ms)
				InitializePlatformSupportModulesInManaged (6ms)
				SetLoadedEditorAssemblies (1ms)
				RefreshPlugins (1ms)
				BeforeProcessingInitializeOnLoad (165ms)
				ProcessInitializeOnLoadAttributes (277ms)
				ProcessInitializeOnLoadMethodAttributes (58ms)
				AfterProcessingInitializeOnLoad (22ms)
				EditorAssembliesLoaded (0ms)
			ExecutionOrderSort2 (0ms)
			AwakeInstancesAfterBackupRestoration (8ms)
Platform modules already initialized, skipping
========================================================================
Worker process is ready to serve import requests
Launched and connected shader compiler UnityShaderCompiler.exe after 0.12 seconds
Refreshing native plugins compatible for Editor in 0.73 ms, found 2 plugins.
Preloading 0 native plugins for Editor in 0.00 ms.
Unloading 2141 Unused Serialized files (Serialized files now loaded: 0)
System memory in use before: 87.7 MB.
System memory in use after: 87.8 MB.

Unloading 55 unused Assets to reduce memory usage. Loaded Objects now: 2546.
Total: 8.082600 ms (FindLiveObjects: 0.147500 ms CreateObjectMapping: 0.081200 ms MarkObjects: 7.745100 ms  DeleteObjects: 0.107500 ms)

AssetImportParameters requested are different than current active one (requested -> active):
  custom:framework-win-MediaFoundation: 216162199b28c13a410421893ffa2e32 -> 
  custom:video-decoder-ogg-theora: a1e56fd34408186e4bbccfd4996cb3dc -> 
  custom:container-muxer-webm: aa71ff27fc2769a1b78a27578f13a17b -> 
  custom:container-demuxer-webm: 4f35f7cbe854078d1ac9338744f61a02 -> 
  custom:container-demuxer-ogg: 62fdf1f143b41e24485cea50d1cbac27 -> 
  custom:video-encoder-webm-vp8: eb34c28f22e8b96e1ab97ce403110664 -> 
  custom:video-decoder-webm-vp8: 9c59270c3fd7afecdb556c50c9e8de78 -> 
  custom:audio-decoder-ogg-vorbis: bf7c407c2cedff20999df2af8eb42d56 -> 
  custom:audio-encoder-webm-vorbis: bf7c407c2cedff20999df2af8eb42d56 -> 
========================================================================
Received Import Request.
  path: Assets/Player.prefab
  artifactKey: Guid(7459b60d2810a9744a5149917024dac9) Importer(815301076,1909f56bfc062723c751e8b465ee728b)
Start importing Assets/Player.prefab using Guid(7459b60d2810a9744a5149917024dac9) Importer(815301076,1909f56bfc062723c751e8b465ee728b)  -> (artifact id: '60f6af7a6f234a50c5a5269311132fd6') in 0.081127 seconds 
========================================================================
Received Import Request.
  Time since last request: 26.677212 seconds.
  path: Assets/Prefabs/arrow_left.png
  artifactKey: Guid(bfd0985a6c2786049a89747a49546699) Importer(815301076,1909f56bfc062723c751e8b465ee728b)
Start importing Assets/Prefabs/arrow_left.png using Guid(bfd0985a6c2786049a89747a49546699) Importer(815301076,1909f56bfc062723c751e8b465ee728b)  -> (artifact id: '310ccd5770b9cde6f78c77b181df6d59') in 0.221055 seconds 
========================================================================
Received Import Request.
  Time since last request: 0.000279 seconds.
  path: Assets/Sprites/chaser_launch.png
  artifactKey: Guid(56af6af9f4e477a4b975d71d00b59a36) Importer(815301076,1909f56bfc062723c751e8b465ee728b)
Start importing Assets/Sprites/chaser_launch.png using Guid(56af6af9f4e477a4b975d71d00b59a36) Importer(815301076,1909f56bfc062723c751e8b465ee728b)  -> (artifact id: '1c4b4930f927c6b2ec4d5e49e5f9aeb1') in 0.024135 seconds 
========================================================================
Received Import Request.
  Time since last request: 0.000377 seconds.
  path: Assets/Sprites/chaser_bullet.png
  artifactKey: Guid(49809585cd746ec4ebb4a28f8bb95b83) Importer(815301076,1909f56bfc062723c751e8b465ee728b)
Start importing Assets/Sprites/chaser_bullet.png using Guid(49809585cd746ec4ebb4a28f8bb95b83) Importer(815301076,1909f56bfc062723c751e8b465ee728b)  -> (artifact id: 'aedea5bc4cdcc35c3140a3b5982ed4f8') in 0.034771 seconds 
========================================================================
Received Import Request.
  Time since last request: 0.000438 seconds.
  path: Assets/Prefabs/arrow_right.png
  artifactKey: Guid(4fa211acbe0ff9b42b2a0631ca266450) Importer(815301076,1909f56bfc062723c751e8b465ee728b)
Start importing Assets/Prefabs/arrow_right.png using Guid(4fa211acbe0ff9b42b2a0631ca266450) Importer(815301076,1909f56bfc062723c751e8b465ee728b)  -> (artifact id: '39fccc72748c4a1ed39f30c2e67605da') in 0.029047 seconds 
========================================================================
Received Import Request.
  Time since last request: 0.000381 seconds.
  path: Assets/Sprites/Character.png
  artifactKey: Guid(d6b86c711a86e7541b2c4c0e655c6d6f) Importer(815301076,1909f56bfc062723c751e8b465ee728b)
Start importing Assets/Sprites/Character.png using Guid(d6b86c711a86e7541b2c4c0e655c6d6f) Importer(815301076,1909f56bfc062723c751e8b465ee728b)  -> (artifact id: 'b1d882009f207b33db3ce34ada0c4169') in 0.037162 seconds 
========================================================================
Received Import Request.
  Time since last request: 0.000352 seconds.
  path: Assets/Prefabs/background/background_mountain.png
  artifactKey: Guid(73f2153a32ed70d4fa9b455f61f234bb) Importer(815301076,1909f56bfc062723c751e8b465ee728b)
Start importing Assets/Prefabs/background/background_mountain.png using Guid(73f2153a32ed70d4fa9b455f61f234bb) Importer(815301076,1909f56bfc062723c751e8b465ee728b)  -> (artifact id: 'a82faa7fc0e4fa64bcf0799f06c00121') in 0.041920 seconds 
========================================================================
Received Import Request.
  Time since last request: 0.000307 seconds.
  path: Assets/Prefabs/background/background_grass.png
  artifactKey: Guid(3c98cc4203479974c9dabe20b35492ed) Importer(815301076,1909f56bfc062723c751e8b465ee728b)
Start importing Assets/Prefabs/background/background_grass.png using Guid(3c98cc4203479974c9dabe20b35492ed) Importer(815301076,1909f56bfc062723c751e8b465ee728b)  -> (artifact id: '21ecb40e549a3d81a5f32337ee69980d') in 0.029399 seconds 
========================================================================
Received Import Request.
  Time since last request: 0.000345 seconds.
  path: Assets/Prefabs/background/background_sky.png
  artifactKey: Guid(77c527a67aeecdb4b852dcb9691efc4c) Importer(815301076,1909f56bfc062723c751e8b465ee728b)
Start importing Assets/Prefabs/background/background_sky.png using Guid(77c527a67aeecdb4b852dcb9691efc4c) Importer(815301076,1909f56bfc062723c751e8b465ee728b)  -> (artifact id: '8ca4ac9b2afe14ced0312e56797443ba') in 0.078395 seconds 
========================================================================
Received Import Request.
  Time since last request: 0.545183 seconds.
  path: Assets/Sprites/fast_bullet.png
  artifactKey: Guid(c168a811a00ab1a4bba18ac790e94f68) Importer(815301076,1909f56bfc062723c751e8b465ee728b)
Start importing Assets/Sprites/fast_bullet.png using Guid(c168a811a00ab1a4bba18ac790e94f68) Importer(815301076,1909f56bfc062723c751e8b465ee728b)  -> (artifact id: 'a6dba25f4f564f6b7a29fb64e6bd7f7c') in 0.023498 seconds 
========================================================================
Received Import Request.
  Time since last request: 0.000400 seconds.
  path: Assets/Sprites/fast_launch.png
  artifactKey: Guid(10d778e3ee3994e4d80a3fc18fe46b84) Importer(815301076,1909f56bfc062723c751e8b465ee728b)
Start importing Assets/Sprites/fast_launch.png using Guid(10d778e3ee3994e4d80a3fc18fe46b84) Importer(815301076,1909f56bfc062723c751e8b465ee728b)  -> (artifact id: 'd934cbc6cce20971ec1b5bf8e65b5a7b') in 0.024510 seconds 
========================================================================
Received Import Request.
  Time since last request: 0.665957 seconds.
  path: Assets/Sprites/Heart.png
  artifactKey: Guid(785b73c4c5b30804797c1c9f9099ac50) Importer(815301076,1909f56bfc062723c751e8b465ee728b)
Start importing Assets/Sprites/Heart.png using Guid(785b73c4c5b30804797c1c9f9099ac50) Importer(815301076,1909f56bfc062723c751e8b465ee728b)  -> (artifact id: '5a9274d9a1ba64b32a5eccc263220d28') in 0.026000 seconds 
========================================================================
Received Import Request.
  Time since last request: 0.000508 seconds.
  path: Assets/Prefabs/information_box.png
  artifactKey: Guid(54e9f553334a28448aa90d218fdfb078) Importer(815301076,1909f56bfc062723c751e8b465ee728b)
Start importing Assets/Prefabs/information_box.png using Guid(54e9f553334a28448aa90d218fdfb078) Importer(815301076,1909f56bfc062723c751e8b465ee728b)  -> (artifact id: '9043fad0b0d16d67e98beb770cd9b3c8') in 0.069148 seconds 
========================================================================
Received Import Request.
  Time since last request: 0.000474 seconds.
  path: Assets/Sprites/lazer_bullet.png
  artifactKey: Guid(3fb5de36327753f43bdd57de4659dcc0) Importer(815301076,1909f56bfc062723c751e8b465ee728b)
Start importing Assets/Sprites/lazer_bullet.png using Guid(3fb5de36327753f43bdd57de4659dcc0) Importer(815301076,1909f56bfc062723c751e8b465ee728b)  -> (artifact id: '88e158d4acde73a72229cea0acbf3e4a') in 0.028704 seconds 
========================================================================
Received Import Request.
  Time since last request: 0.000347 seconds.
  path: Assets/Sprites/lazer_launch.png
  artifactKey: Guid(55e1ac2e3a317bc41b70dbe571d607bb) Importer(815301076,1909f56bfc062723c751e8b465ee728b)
Start importing Assets/Sprites/lazer_launch.png using Guid(55e1ac2e3a317bc41b70dbe571d607bb) Importer(815301076,1909f56bfc062723c751e8b465ee728b)  -> (artifact id: '962e8ac70cee06d3c0986429e8a66e59') in 0.027723 seconds 
========================================================================
Received Import Request.
  Time since last request: 0.402076 seconds.
  path: Assets/Sprites/Note.png
  artifactKey: Guid(db518c9ef8737f74785da53d8a459318) Importer(815301076,1909f56bfc062723c751e8b465ee728b)
Start importing Assets/Sprites/Note.png using Guid(db518c9ef8737f74785da53d8a459318) Importer(815301076,1909f56bfc062723c751e8b465ee728b)  -> (artifact id: 'b2fd5eb6d7b2fc24f188298e596b13a5') in 0.025306 seconds 
========================================================================
Received Import Request.
  Time since last request: 0.000408 seconds.
  path: Assets/Prefabs/optimize.png
  artifactKey: Guid(9a6e2a3ae96d41d47bb0b5d98b7af887) Importer(815301076,1909f56bfc062723c751e8b465ee728b)
Start importing Assets/Prefabs/optimize.png using Guid(9a6e2a3ae96d41d47bb0b5d98b7af887) Importer(815301076,1909f56bfc062723c751e8b465ee728b)  -> (artifact id: 'cf93b0cfa9cdd9948776b963de0a7c4c') in 0.028904 seconds 
========================================================================
Received Import Request.
  Time since last request: 0.000362 seconds.
  path: Assets/Prefabs/player_example.png
  artifactKey: Guid(85ae2231d76edaa4392ddc31db8ad1c1) Importer(815301076,1909f56bfc062723c751e8b465ee728b)
Start importing Assets/Prefabs/player_example.png using Guid(85ae2231d76edaa4392ddc31db8ad1c1) Importer(815301076,1909f56bfc062723c751e8b465ee728b)  -> (artifact id: '858926f9c647fc51621c27cebead3090') in 0.029632 seconds 
========================================================================
Received Import Request.
  Time since last request: 0.000388 seconds.
  path: Assets/Prefabs/score_box.png
  artifactKey: Guid(3c739ce854e0510408032c06935e6f6e) Importer(815301076,1909f56bfc062723c751e8b465ee728b)
Start importing Assets/Prefabs/score_box.png using Guid(3c739ce854e0510408032c06935e6f6e) Importer(815301076,1909f56bfc062723c751e8b465ee728b)  -> (artifact id: 'f5ed02bc7a50910289209ca7fd388b00') in 0.031057 seconds 
========================================================================
Received Import Request.
  Time since last request: 0.511083 seconds.
  path: Assets/Prefabs/start.png
  artifactKey: Guid(4f0cafeeddc6e8249b6377fd18b197dd) Importer(815301076,1909f56bfc062723c751e8b465ee728b)
Start importing Assets/Prefabs/start.png using Guid(4f0cafeeddc6e8249b6377fd18b197dd) Importer(815301076,1909f56bfc062723c751e8b465ee728b)  -> (artifact id: 'e287fde7632f53f87e8c8b094b11d0de') in 0.025694 seconds 
========================================================================
Received Import Request.
  Time since last request: 0.000521 seconds.
  path: Assets/Prefabs/title.png
  artifactKey: Guid(94bfe87fab9b44c4c9831ec4ffb4e6c5) Importer(815301076,1909f56bfc062723c751e8b465ee728b)
Start importing Assets/Prefabs/title.png using Guid(94bfe87fab9b44c4c9831ec4ffb4e6c5) Importer(815301076,1909f56bfc062723c751e8b465ee728b)  -> (artifact id: 'bf4b203acac69f16884dceb92653f505') in 0.032015 seconds 
========================================================================
Received Import Request.
  Time since last request: 0.505570 seconds.
  path: Assets/Sprites/제목 없음-1.png
  artifactKey: Guid(f00302fe58066f5418b9de2bb071c989) Importer(815301076,1909f56bfc062723c751e8b465ee728b)
Start importing Assets/Sprites/제목 없음-1.png using Guid(f00302fe58066f5418b9de2bb071c989) Importer(815301076,1909f56bfc062723c751e8b465ee728b)  -> (artifact id: '512b737b5afbb9e64dc557e79677bd22') in 0.021485 seconds 
========================================================================
Received Import Request.
  Time since last request: 37.275120 seconds.
  path: Assets/Player.prefab
  artifactKey: Guid(7459b60d2810a9744a5149917024dac9) Importer(815301076,1909f56bfc062723c751e8b465ee728b)
Start importing Assets/Player.prefab using Guid(7459b60d2810a9744a5149917024dac9) Importer(815301076,1909f56bfc062723c751e8b465ee728b)  -> (artifact id: 'e50a2c398e0cd20425b442f183cd91bc') in 0.034703 seconds 
========================================================================
Received Import Request.
  Time since last request: 3.270386 seconds.
  path: Assets/Sprites
  artifactKey: Guid(0c4eb70aa58901143b7c665d39e87fe8) Importer(815301076,1909f56bfc062723c751e8b465ee728b)
Start importing Assets/Sprites using Guid(0c4eb70aa58901143b7c665d39e87fe8) Importer(815301076,1909f56bfc062723c751e8b465ee728b)  -> (artifact id: 'bc498006d08b5730f6e741c4f8b52d9e') in 0.008986 seconds 
========================================================================
Received Import Request.
  Time since last request: 5.044285 seconds.
  path: Assets/Prefabs/Child Handler.prefab
  artifactKey: Guid(bbdc1a5f1eb66534db788491cee1a136) Importer(815301076,1909f56bfc062723c751e8b465ee728b)
Start importing Assets/Prefabs/Child Handler.prefab using Guid(bbdc1a5f1eb66534db788491cee1a136) Importer(815301076,1909f56bfc062723c751e8b465ee728b)  -> (artifact id: 'c1937765868ef99e53d6d12135383095') in 0.012613 seconds 
========================================================================
Received Import Request.
  Time since last request: 0.000412 seconds.
  path: Assets/Prefabs/Note.prefab
  artifactKey: Guid(9a99827b068c40241b9b3b8e3b1e7af7) Importer(815301076,1909f56bfc062723c751e8b465ee728b)
Start importing Assets/Prefabs/Note.prefab using Guid(9a99827b068c40241b9b3b8e3b1e7af7) Importer(815301076,1909f56bfc062723c751e8b465ee728b)  -> (artifact id: '0d4781ab84e0bb85639a8f44db024a1a') in 0.017355 seconds 
========================================================================
Received Import Request.
  Time since last request: 0.000454 seconds.
  path: Assets/Prefabs/Heart.prefab
  artifactKey: Guid(147e610be79c4e547aefa9f2b1b0c18a) Importer(815301076,1909f56bfc062723c751e8b465ee728b)
Start importing Assets/Prefabs/Heart.prefab using Guid(147e610be79c4e547aefa9f2b1b0c18a) Importer(815301076,1909f56bfc062723c751e8b465ee728b)  -> (artifact id: 'c236baf8249b917692d74c98090a9380') in 0.018394 seconds 
========================================================================
Received Import Request.
  Time since last request: 0.000356 seconds.
  path: Assets/Prefabs/NoteManager.prefab
  artifactKey: Guid(6a4371e9fa6b47549bc257062d9ce061) Importer(815301076,1909f56bfc062723c751e8b465ee728b)
Start importing Assets/Prefabs/NoteManager.prefab using Guid(6a4371e9fa6b47549bc257062d9ce061) Importer(815301076,1909f56bfc062723c751e8b465ee728b)  -> (artifact id: '5c3479809b4302c834da588d2cea29dc') in 0.049049 seconds 
========================================================================
Received Import Request.
  Time since last request: 0.000402 seconds.
  path: Assets/Prefabs/Particle System.prefab
  artifactKey: Guid(53b364a9f6943b84a8e766f828370139) Importer(815301076,1909f56bfc062723c751e8b465ee728b)
Start importing Assets/Prefabs/Particle System.prefab using Guid(53b364a9f6943b84a8e766f828370139) Importer(815301076,1909f56bfc062723c751e8b465ee728b)  -> (artifact id: '085ea15b9966c2395eb84a721bf12c56') in 0.022557 seconds 
========================================================================
Received Import Request.
  Time since last request: 0.000405 seconds.
  path: Assets/Prefabs/Player.prefab
  artifactKey: Guid(3f48c6d9d99ce2241b9d12425890f0f1) Importer(815301076,1909f56bfc062723c751e8b465ee728b)
Start importing Assets/Prefabs/Player.prefab using Guid(3f48c6d9d99ce2241b9d12425890f0f1) Importer(815301076,1909f56bfc062723c751e8b465ee728b)  -> (artifact id: '2cea0c1693570c2d4df5ac6f8a0a77cc') in 0.018643 seconds 
========================================================================
Received Import Request.
  Time since last request: 1.384350 seconds.
  path: Assets/Materials/1.mat
  artifactKey: Guid(c9b599fab8e050c40acee206e415723a) Importer(815301076,1909f56bfc062723c751e8b465ee728b)
Start importing Assets/Materials/1.mat using Guid(c9b599fab8e050c40acee206e415723a) Importer(815301076,1909f56bfc062723c751e8b465ee728b)  -> (artifact id: '25fe747b03123c6463905d7bd27f0899') in 0.304310 seconds 
========================================================================
Received Import Request.
  Time since last request: 3.117501 seconds.
  path: Assets/Script
  artifactKey: Guid(71add255d6442494e86df0cdd76cb62b) Importer(815301076,1909f56bfc062723c751e8b465ee728b)
Start importing Assets/Script using Guid(71add255d6442494e86df0cdd76cb62b) Importer(815301076,1909f56bfc062723c751e8b465ee728b)  -> (artifact id: '5a81820370a6c2e226691069f3dcbc81') in 0.013536 seconds 
========================================================================
Received Import Request.
  Time since last request: 23.342233 seconds.
  path: Assets/Script/ScoreBoard.cs
  artifactKey: Guid(8b044d06c606fb743a6189accf98e540) Importer(815301076,1909f56bfc062723c751e8b465ee728b)
Start importing Assets/Script/ScoreBoard.cs using Guid(8b044d06c606fb743a6189accf98e540) Importer(815301076,1909f56bfc062723c751e8b465ee728b)  -> (artifact id: '36bb7d261ae03c5753877c241dc8cf12') in 0.033084 seconds 
========================================================================
Received Prepare
Registering precompiled user dll's ...
Registered in 0.013133 seconds.
Begin MonoManager ReloadAssembly
Native extension for WindowsStandalone target not found
Refreshing native plugins compatible for Editor in 1.06 ms, found 2 plugins.
Preloading 0 native plugins for Editor in 0.00 ms.
Mono: successfully reloaded assembly
- Completed reload, in  1.345 seconds
Domain Reload Profiling:
	ReloadAssembly (1346ms)
		BeginReloadAssembly (185ms)
			ExecutionOrderSort (0ms)
			DisableScriptedObjects (6ms)
			BackupInstance (0ms)
			ReleaseScriptingObjects (0ms)
			CreateAndSetChildDomain (38ms)
		EndReloadAssembly (1072ms)
			LoadAssemblies (185ms)
			RebuildTransferFunctionScriptingTraits (0ms)
			SetupTypeCache (300ms)
			ReleaseScriptCaches (1ms)
			RebuildScriptCaches (57ms)
			SetupLoadedEditorAssemblies (454ms)
				LogAssemblyErrors (0ms)
				InitializePlatformSupportModulesInManaged (8ms)
				SetLoadedEditorAssemblies (1ms)
				RefreshPlugins (1ms)
				BeforeProcessingInitializeOnLoad (154ms)
				ProcessInitializeOnLoadAttributes (225ms)
				ProcessInitializeOnLoadMethodAttributes (47ms)
				AfterProcessingInitializeOnLoad (17ms)
				EditorAssembliesLoaded (0ms)
			ExecutionOrderSort2 (0ms)
			AwakeInstancesAfterBackupRestoration (8ms)
Platform modules already initialized, skipping
Refreshing native plugins compatible for Editor in 1.29 ms, found 2 plugins.
Preloading 0 native plugins for Editor in 0.00 ms.
Unloading 2135 Unused Serialized files (Serialized files now loaded: 0)
System memory in use before: 91.0 MB.
System memory in use after: 91.1 MB.

Unloading 46 unused Assets to reduce memory usage. Loaded Objects now: 2626.
Total: 7.753500 ms (FindLiveObjects: 0.172000 ms CreateObjectMapping: 0.082800 ms MarkObjects: 7.429800 ms  DeleteObjects: 0.067600 ms)

AssetImportParameters requested are different than current active one (requested -> active):
  custom:framework-win-MediaFoundation: 216162199b28c13a410421893ffa2e32 -> 
  custom:video-decoder-ogg-theora: a1e56fd34408186e4bbccfd4996cb3dc -> 
  custom:container-muxer-webm: aa71ff27fc2769a1b78a27578f13a17b -> 
  custom:container-demuxer-webm: 4f35f7cbe854078d1ac9338744f61a02 -> 
  custom:container-demuxer-ogg: 62fdf1f143b41e24485cea50d1cbac27 -> 
  custom:video-encoder-webm-vp8: eb34c28f22e8b96e1ab97ce403110664 -> 
  custom:video-decoder-webm-vp8: 9c59270c3fd7afecdb556c50c9e8de78 -> 
  custom:audio-decoder-ogg-vorbis: bf7c407c2cedff20999df2af8eb42d56 -> 
  custom:audio-encoder-webm-vorbis: bf7c407c2cedff20999df2af8eb42d56 -> 
========================================================================
Received Prepare
Registering precompiled user dll's ...
Registered in 0.015880 seconds.
Begin MonoManager ReloadAssembly
Native extension for WindowsStandalone target not found
Refreshing native plugins compatible for Editor in 0.66 ms, found 2 plugins.
Preloading 0 native plugins for Editor in 0.00 ms.
Mono: successfully reloaded assembly
- Completed reload, in  1.254 seconds
Domain Reload Profiling:
	ReloadAssembly (1255ms)
		BeginReloadAssembly (166ms)
			ExecutionOrderSort (0ms)
			DisableScriptedObjects (6ms)
			BackupInstance (0ms)
			ReleaseScriptingObjects (0ms)
			CreateAndSetChildDomain (37ms)
		EndReloadAssembly (999ms)
			LoadAssemblies (166ms)
			RebuildTransferFunctionScriptingTraits (0ms)
			SetupTypeCache (283ms)
			ReleaseScriptCaches (1ms)
			RebuildScriptCaches (55ms)
			SetupLoadedEditorAssemblies (414ms)
				LogAssemblyErrors (0ms)
				InitializePlatformSupportModulesInManaged (6ms)
				SetLoadedEditorAssemblies (1ms)
				RefreshPlugins (1ms)
				BeforeProcessingInitializeOnLoad (134ms)
				ProcessInitializeOnLoadAttributes (210ms)
				ProcessInitializeOnLoadMethodAttributes (47ms)
				AfterProcessingInitializeOnLoad (16ms)
				EditorAssembliesLoaded (0ms)
			ExecutionOrderSort2 (0ms)
			AwakeInstancesAfterBackupRestoration (7ms)
Platform modules already initialized, skipping
Refreshing native plugins compatible for Editor in 0.67 ms, found 2 plugins.
Preloading 0 native plugins for Editor in 0.00 ms.
Unloading 2135 Unused Serialized files (Serialized files now loaded: 0)
System memory in use before: 91.0 MB.
System memory in use after: 91.1 MB.

Unloading 46 unused Assets to reduce memory usage. Loaded Objects now: 2628.
Total: 6.937400 ms (FindLiveObjects: 0.479300 ms CreateObjectMapping: 0.151300 ms MarkObjects: 6.255000 ms  DeleteObjects: 0.050800 ms)

AssetImportParameters requested are different than current active one (requested -> active):
  custom:framework-win-MediaFoundation: 216162199b28c13a410421893ffa2e32 -> 
  custom:video-decoder-ogg-theora: a1e56fd34408186e4bbccfd4996cb3dc -> 
  custom:container-muxer-webm: aa71ff27fc2769a1b78a27578f13a17b -> 
  custom:container-demuxer-webm: 4f35f7cbe854078d1ac9338744f61a02 -> 
  custom:container-demuxer-ogg: 62fdf1f143b41e24485cea50d1cbac27 -> 
  custom:video-encoder-webm-vp8: eb34c28f22e8b96e1ab97ce403110664 -> 
  custom:video-decoder-webm-vp8: 9c59270c3fd7afecdb556c50c9e8de78 -> 
  custom:audio-decoder-ogg-vorbis: bf7c407c2cedff20999df2af8eb42d56 -> 
  custom:audio-encoder-webm-vorbis: bf7c407c2cedff20999df2af8eb42d56 -> 
========================================================================
Received Prepare
Registering precompiled user dll's ...
Registered in 0.013794 seconds.
Begin MonoManager ReloadAssembly
Native extension for WindowsStandalone target not found
Refreshing native plugins compatible for Editor in 0.65 ms, found 2 plugins.
Preloading 0 native plugins for Editor in 0.00 ms.
Mono: successfully reloaded assembly
- Completed reload, in  1.346 seconds
Domain Reload Profiling:
	ReloadAssembly (1346ms)
		BeginReloadAssembly (168ms)
			ExecutionOrderSort (0ms)
			DisableScriptedObjects (8ms)
			BackupInstance (0ms)
			ReleaseScriptingObjects (0ms)
			CreateAndSetChildDomain (36ms)
		EndReloadAssembly (1091ms)
			LoadAssemblies (162ms)
			RebuildTransferFunctionScriptingTraits (0ms)
			SetupTypeCache (325ms)
			ReleaseScriptCaches (1ms)
			RebuildScriptCaches (55ms)
			SetupLoadedEditorAssemblies (464ms)
				LogAssemblyErrors (0ms)
				InitializePlatformSupportModulesInManaged (5ms)
				SetLoadedEditorAssemblies (0ms)
				RefreshPlugins (1ms)
				BeforeProcessingInitializeOnLoad (145ms)
				ProcessInitializeOnLoadAttributes (231ms)
				ProcessInitializeOnLoadMethodAttributes (61ms)
				AfterProcessingInitializeOnLoad (21ms)
				EditorAssembliesLoaded (0ms)
			ExecutionOrderSort2 (0ms)
			AwakeInstancesAfterBackupRestoration (10ms)
Platform modules already initialized, skipping
Refreshing native plugins compatible for Editor in 0.98 ms, found 2 plugins.
Preloading 0 native plugins for Editor in 0.00 ms.
Unloading 2135 Unused Serialized files (Serialized files now loaded: 0)
System memory in use before: 91.0 MB.
System memory in use after: 91.1 MB.

Unloading 46 unused Assets to reduce memory usage. Loaded Objects now: 2630.
Total: 7.464500 ms (FindLiveObjects: 0.152100 ms CreateObjectMapping: 0.081800 ms MarkObjects: 7.157100 ms  DeleteObjects: 0.056400 ms)

AssetImportParameters requested are different than current active one (requested -> active):
  custom:framework-win-MediaFoundation: 216162199b28c13a410421893ffa2e32 -> 
  custom:video-decoder-ogg-theora: a1e56fd34408186e4bbccfd4996cb3dc -> 
  custom:container-muxer-webm: aa71ff27fc2769a1b78a27578f13a17b -> 
  custom:container-demuxer-webm: 4f35f7cbe854078d1ac9338744f61a02 -> 
  custom:container-demuxer-ogg: 62fdf1f143b41e24485cea50d1cbac27 -> 
  custom:video-encoder-webm-vp8: eb34c28f22e8b96e1ab97ce403110664 -> 
  custom:video-decoder-webm-vp8: 9c59270c3fd7afecdb556c50c9e8de78 -> 
  custom:audio-decoder-ogg-vorbis: bf7c407c2cedff20999df2af8eb42d56 -> 
  custom:audio-encoder-webm-vorbis: bf7c407c2cedff20999df2af8eb42d56 -> 
AssetImportWorkerClient::OnTransportError - code=2 error=End of file
